
*** Running vivado
    with args -log ALU.vds -m64 -product Vivado -mode batch -messageDb vivado.pb -notrace -source ALU.tcl


****** Vivado v2024.2 (64-bit)
  **** SW Build 5239630 on Fri Nov 08 22:34:34 MST 2024
  **** IP Build 5239520 on Sun Nov 10 16:12:51 MST 2024
  **** SharedData Build 5239561 on Fri Nov 08 14:39:27 MST 2024
  **** Start of session at: Fri Apr 17 13:56:28 2026
    ** Copyright 1986-2022 Xilinx, Inc. All Rights Reserved.
    ** Copyright 2022-2024 Advanced Micro Devices, Inc. All Rights Reserved.

source ALU.tcl -notrace
Command: read_checkpoint -auto_incremental -incremental /home/mougnibas/Bureau/4IR/S2/projet-systeme-info/VHDL/projet-systeme-info/projet-systeme-info.srcs/utils_1/imports/synth_1/ALU.dcp
INFO: [Vivado 12-5825] Read reference checkpoint from /home/mougnibas/Bureau/4IR/S2/projet-systeme-info/VHDL/projet-systeme-info/projet-systeme-info.srcs/utils_1/imports/synth_1/ALU.dcp for incremental synthesis
INFO: [Vivado 12-7989] Please ensure there are no constraint changes
Command: synth_design -top ALU -part xc7a35tcpg236-1
Starting synth_design
Attempting to get a license for feature 'Synthesis' and/or device 'xc7a35t'
INFO: [Common 17-349] Got license for feature 'Synthesis' and/or device 'xc7a35t'
INFO: [Designutils 20-5440] No compile time benefit to using incremental synthesis; A full resynthesis will be run
INFO: [Designutils 20-4379] Flow is switching to default flow due to incremental criteria not met. If you would like to alter this behaviour and have the flow terminate instead, please set the following parameter config_implementation {autoIncr.Synth.RejectBehavior Terminate}
INFO: [Synth 8-7079] Multithreading enabled for synth_design using a maximum of 7 processes.
INFO: [Synth 8-7078] Launching helper process for spawning children vivado processes
INFO: [Synth 8-7075] Helper process launched with PID 30738
---------------------------------------------------------------------------------
Starting Synthesize : Time (s): cpu = 00:00:03 ; elapsed = 00:00:04 . Memory (MB): peak = 1765.629 ; gain = 385.859 ; free physical = 7982 ; free virtual = 10958
---------------------------------------------------------------------------------
INFO: [Synth 8-638] synthesizing module 'ALU' [/home/mougnibas/Bureau/4IR/S2/projet-systeme-info/VHDL/projet-systeme-info/projet-systeme-info.srcs/sources_1/new/ALU.vhd:46]
INFO: [Synth 8-256] done synthesizing module 'ALU' (0#1) [/home/mougnibas/Bureau/4IR/S2/projet-systeme-info/VHDL/projet-systeme-info/projet-systeme-info.srcs/sources_1/new/ALU.vhd:46]
WARNING: [Synth 8-3917] design ALU has port Negatif driven by constant 0
---------------------------------------------------------------------------------
Finished Synthesize : Time (s): cpu = 00:00:05 ; elapsed = 00:00:05 . Memory (MB): peak = 1836.566 ; gain = 456.797 ; free physical = 7902 ; free virtual = 10880
---------------------------------------------------------------------------------
---------------------------------------------------------------------------------
Finished Constraint Validation : Time (s): cpu = 00:00:05 ; elapsed = 00:00:07 . Memory (MB): peak = 1854.379 ; gain = 474.609 ; free physical = 7907 ; free virtual = 10884
---------------------------------------------------------------------------------
---------------------------------------------------------------------------------
Start Loading Part and Timing Information
---------------------------------------------------------------------------------
Loading part: xc7a35tcpg236-1
INFO: [Device 21-403] Loading part xc7a35tcpg236-1
---------------------------------------------------------------------------------
Finished Loading Part and Timing Information : Time (s): cpu = 00:00:05 ; elapsed = 00:00:07 . Memory (MB): peak = 1862.383 ; gain = 482.613 ; free physical = 7907 ; free virtual = 10884
---------------------------------------------------------------------------------
WARNING: [Synth 8-327] inferring latch for variable 'res_reg' [/home/mougnibas/Bureau/4IR/S2/projet-systeme-info/VHDL/projet-systeme-info/projet-systeme-info.srcs/sources_1/new/ALU.vhd:67]
---------------------------------------------------------------------------------
Finished RTL Optimization Phase 2 : Time (s): cpu = 00:00:06 ; elapsed = 00:00:07 . Memory (MB): peak = 1887.305 ; gain = 507.535 ; free physical = 7876 ; free virtual = 10854
---------------------------------------------------------------------------------
No constraint files found.
---------------------------------------------------------------------------------
Start RTL Component Statistics 
---------------------------------------------------------------------------------
Detailed RTL Component Info : 
+---Adders : 
	   3 Input   16 Bit       Adders := 1     
	   2 Input   16 Bit       Adders := 4     
+---XORs : 
	   2 Input      8 Bit         XORs := 1     
+---Muxes : 
	   2 Input   16 Bit        Muxes := 6     
	   5 Input   16 Bit        Muxes := 1     
	   2 Input    8 Bit        Muxes := 6     
	   2 Input    1 Bit        Muxes := 1     
---------------------------------------------------------------------------------
Finished RTL Component Statistics 
---------------------------------------------------------------------------------
---------------------------------------------------------------------------------
Start Part Resource Summary
---------------------------------------------------------------------------------
Part Resources:
DSPs: 90 (col length:60)
BRAMs: 100 (col length: RAMB18 60 RAMB36 30)
---------------------------------------------------------------------------------
Finished Part Resource Summary
---------------------------------------------------------------------------------
No constraint files found.
---------------------------------------------------------------------------------
Start Cross Boundary and Area Optimization
---------------------------------------------------------------------------------
WARNING: [Synth 8-7080] Parallel synthesis criteria is not met
WARNING: [Synth 8-3917] design ALU has port Negatif driven by constant 0
---------------------------------------------------------------------------------
Finished Cross Boundary and Area Optimization : Time (s): cpu = 00:00:09 ; elapsed = 00:00:12 . Memory (MB): peak = 1986.398 ; gain = 606.629 ; free physical = 7789 ; free virtual = 10771
---------------------------------------------------------------------------------
No constraint files found.
---------------------------------------------------------------------------------
Start Timing Optimization
---------------------------------------------------------------------------------
---------------------------------------------------------------------------------
Finished Timing Optimization : Time (s): cpu = 00:00:09 ; elapsed = 00:00:12 . Memory (MB): peak = 1986.398 ; gain = 606.629 ; free physical = 7789 ; free virtual = 10771
---------------------------------------------------------------------------------
---------------------------------------------------------------------------------
Start Technology Mapping
---------------------------------------------------------------------------------
---------------------------------------------------------------------------------
Finished Technology Mapping : Time (s): cpu = 00:00:09 ; elapsed = 00:00:12 . Memory (MB): peak = 1986.398 ; gain = 606.629 ; free physical = 7789 ; free virtual = 10771
---------------------------------------------------------------------------------
---------------------------------------------------------------------------------
Start IO Insertion
---------------------------------------------------------------------------------
---------------------------------------------------------------------------------
Start Flattening Before IO Insertion
---------------------------------------------------------------------------------
---------------------------------------------------------------------------------
Finished Flattening Before IO Insertion
---------------------------------------------------------------------------------
---------------------------------------------------------------------------------
Start Final Netlist Cleanup
---------------------------------------------------------------------------------
---------------------------------------------------------------------------------
Finished Final Netlist Cleanup
---------------------------------------------------------------------------------
---------------------------------------------------------------------------------
Finished IO Insertion : Time (s): cpu = 00:00:12 ; elapsed = 00:00:15 . Memory (MB): peak = 2132.211 ; gain = 752.441 ; free physical = 7671 ; free virtual = 10653
---------------------------------------------------------------------------------
---------------------------------------------------------------------------------
Start Renaming Generated Instances
---------------------------------------------------------------------------------
---------------------------------------------------------------------------------
Finished Renaming Generated Instances : Time (s): cpu = 00:00:12 ; elapsed = 00:00:15 . Memory (MB): peak = 2132.211 ; gain = 752.441 ; free physical = 7671 ; free virtual = 10653
---------------------------------------------------------------------------------
---------------------------------------------------------------------------------
Start Rebuilding User Hierarchy
---------------------------------------------------------------------------------
---------------------------------------------------------------------------------
Finished Rebuilding User Hierarchy : Time (s): cpu = 00:00:12 ; elapsed = 00:00:15 . Memory (MB): peak = 2132.211 ; gain = 752.441 ; free physical = 7671 ; free virtual = 10653
---------------------------------------------------------------------------------
---------------------------------------------------------------------------------
Start Renaming Generated Ports
---------------------------------------------------------------------------------
---------------------------------------------------------------------------------
Finished Renaming Generated Ports : Time (s): cpu = 00:00:12 ; elapsed = 00:00:15 . Memory (MB): peak = 2132.211 ; gain = 752.441 ; free physical = 7671 ; free virtual = 10653
---------------------------------------------------------------------------------
---------------------------------------------------------------------------------
Start Handling Custom Attributes
---------------------------------------------------------------------------------
---------------------------------------------------------------------------------
Finished Handling Custom Attributes : Time (s): cpu = 00:00:12 ; elapsed = 00:00:15 . Memory (MB): peak = 2132.211 ; gain = 752.441 ; free physical = 7671 ; free virtual = 10653
---------------------------------------------------------------------------------
---------------------------------------------------------------------------------
Start Renaming Generated Nets
---------------------------------------------------------------------------------
---------------------------------------------------------------------------------
Finished Renaming Generated Nets : Time (s): cpu = 00:00:12 ; elapsed = 00:00:15 . Memory (MB): peak = 2132.211 ; gain = 752.441 ; free physical = 7671 ; free virtual = 10653
---------------------------------------------------------------------------------
---------------------------------------------------------------------------------
Start Writing Synthesis Report
---------------------------------------------------------------------------------

Report BlackBoxes: 
+-+--------------+----------+
| |BlackBox name |Instances |
+-+--------------+----------+
+-+--------------+----------+

Report Cell Usage: 
+------+-------+------+
|      |Cell   |Count |
+------+-------+------+
|1     |CARRY4 |   102|
|2     |LUT1   |    29|
|3     |LUT2   |   181|
|4     |LUT3   |    46|
|5     |LUT4   |    32|
|6     |LUT5   |    82|
|7     |LUT6   |    90|
|8     |LD     |    16|
|9     |IBUF   |    24|
|10    |OBUF   |    12|
+------+-------+------+

Report Instance Areas: 
+------+---------+-------+------+
|      |Instance |Module |Cells |
+------+---------+-------+------+
|1     |top      |       |   614|
+------+---------+-------+------+
---------------------------------------------------------------------------------
Finished Writing Synthesis Report : Time (s): cpu = 00:00:12 ; elapsed = 00:00:15 . Memory (MB): peak = 2132.211 ; gain = 752.441 ; free physical = 7671 ; free virtual = 10653
---------------------------------------------------------------------------------
Synthesis finished with 0 errors, 0 critical warnings and 4 warnings.
Synthesis Optimization Runtime : Time (s): cpu = 00:00:12 ; elapsed = 00:00:15 . Memory (MB): peak = 2132.211 ; gain = 752.441 ; free physical = 7671 ; free virtual = 10653
Synthesis Optimization Complete : Time (s): cpu = 00:00:12 ; elapsed = 00:00:15 . Memory (MB): peak = 2132.219 ; gain = 752.441 ; free physical = 7842 ; free virtual = 10824
INFO: [Project 1-571] Translating synthesized netlist
Netlist sorting complete. Time (s): cpu = 00:00:00 ; elapsed = 00:00:00 . Memory (MB): peak = 2146.086 ; gain = 0.000 ; free physical = 7819 ; free virtual = 10801
INFO: [Netlist 29-17] Analyzing 118 Unisim elements for replacement
INFO: [Netlist 29-28] Unisim Transformation completed in 0 CPU seconds
INFO: [Project 1-570] Preparing netlist for logic optimization
INFO: [Opt 31-138] Pushed 0 inverter(s) to 0 load pin(s).
Netlist sorting complete. Time (s): cpu = 00:00:00 ; elapsed = 00:00:00 . Memory (MB): peak = 2293.707 ; gain = 0.000 ; free physical = 7733 ; free virtual = 10715
INFO: [Project 1-111] Unisim Transformation Summary:
  A total of 16 instances were transformed.
  LD => LDCE: 16 instances

Synth Design complete | Checksum: cc323cda
INFO: [Common 17-83] Releasing license: Synthesis
18 Infos, 4 Warnings, 0 Critical Warnings and 0 Errors encountered.
synth_design completed successfully
synth_design: Time (s): cpu = 00:00:18 ; elapsed = 00:00:19 . Memory (MB): peak = 2293.707 ; gain = 913.941 ; free physical = 7733 ; free virtual = 10715
INFO: [Common 17-2834] synth_design peak Physical Memory [PSS] (MB): overall = 1494.079; main = 1494.079; forked = 265.386
INFO: [Common 17-2834] synth_design peak Virtual Memory [VSS] (MB): overall = 2804.164; main = 2293.711; forked = 916.855
Write ShapeDB Complete: Time (s): cpu = 00:00:00 ; elapsed = 00:00:00.03 . Memory (MB): peak = 2317.719 ; gain = 0.000 ; free physical = 7733 ; free virtual = 10715
INFO: [Common 17-1381] The checkpoint '/home/mougnibas/Bureau/4IR/S2/projet-systeme-info/VHDL/projet-systeme-info/projet-systeme-info.runs/synth_1/ALU.dcp' has been generated.
INFO: [Vivado 12-24828] Executing command : report_utilization -file ALU_utilization_synth.rpt -pb ALU_utilization_synth.pb
INFO: [Common 17-206] Exiting Vivado at Fri Apr 17 13:57:08 2026...
