Copyright 1986-2022 Xilinx, Inc. All Rights Reserved. Copyright 2022-2024 Advanced Micro Devices, Inc. All Rights Reserved.
---------------------------------------------------------------------------------------------------------------------------------------------------------------------------------------------------------
| Tool Version : Vivado v.2024.2 (lin64) Build 5239630 Fri Nov 08 22:34:34 MST 2024
| Date         : Sat Apr 25 11:51:10 2026
| Host         : srv-tp04 running 64-bit Linux Mint 22
| Command      : report_timing_summary -max_paths 10 -report_unconstrained -file BANC_timing_summary_routed.rpt -pb BANC_timing_summary_routed.pb -rpx BANC_timing_summary_routed.rpx -warn_on_violation
| Design       : BANC
| Device       : 7a35t-cpg236
| Speed File   : -1  PRODUCTION 1.23 2018-06-13
| Design State : Routed
---------------------------------------------------------------------------------------------------------------------------------------------------------------------------------------------------------

Timing Summary Report

------------------------------------------------------------------------------------------------
| Timer Settings
| --------------
------------------------------------------------------------------------------------------------

  Enable Multi Corner Analysis               :  Yes
  Enable Pessimism Removal                   :  Yes
  Pessimism Removal Resolution               :  Nearest Common Node
  Enable Input Delay Default Clock           :  No
  Enable Preset / Clear Arcs                 :  No
  Disable Flight Delays                      :  No
  Ignore I/O Paths                           :  No
  Timing Early Launch at Borrowing Latches   :  No
  Borrow Time for Max Delay Exceptions       :  Yes
  Merge Timing Exceptions                    :  Yes
  Inter-SLR Compensation                     :  Conservative

  Corner  Analyze    Analyze    
  Name    Max Paths  Min Paths  
  ------  ---------  ---------  
  Slow    Yes        Yes        
  Fast    Yes        Yes        


------------------------------------------------------------------------------------------------
| Report Methodology
| ------------------
------------------------------------------------------------------------------------------------

Rule       Severity          Description                  Violations  
---------  ----------------  ---------------------------  ----------  
TIMING-17  Critical Warning  Non-clocked sequential cell  144         

Note: This report is based on the most recent report_methodology run and may not be up-to-date. Run report_methodology on the current design for the latest report.



check_timing report

Table of Contents
-----------------
1. checking no_clock (144)
2. checking constant_clock (0)
3. checking pulse_width_clock (0)
4. checking unconstrained_internal_endpoints (432)
5. checking no_input_delay (22)
6. checking no_output_delay (16)
7. checking multiple_clock (0)
8. checking generated_clocks (0)
9. checking loops (0)
10. checking partial_input_delay (0)
11. checking partial_output_delay (0)
12. checking latch_loops (0)

1. checking no_clock (144)
--------------------------
 There are 144 register/latch pins with no clock driven by root clock pin: CLK (HIGH)


2. checking constant_clock (0)
------------------------------
 There are 0 register/latch pins with constant_clock.


3. checking pulse_width_clock (0)
---------------------------------
 There are 0 register/latch pins which need pulse_width check


4. checking unconstrained_internal_endpoints (432)
--------------------------------------------------
 There are 432 pins that are not constrained for maximum delay. (HIGH)

 There are 0 pins that are not constrained for maximum delay due to constant clock.


5. checking no_input_delay (22)
-------------------------------
 There are 22 input ports with no input delay specified. (HIGH)

 There are 0 input ports with no input delay but user has a false path constraint.


6. checking no_output_delay (16)
--------------------------------
 There are 16 ports with no output delay specified. (HIGH)

 There are 0 ports with no output delay but user has a false path constraint

 There are 0 ports with no output delay but with a timing clock defined on it or propagating through it


7. checking multiple_clock (0)
------------------------------
 There are 0 register/latch pins with multiple clocks.


8. checking generated_clocks (0)
--------------------------------
 There are 0 generated clocks that are not connected to a clock source.


9. checking loops (0)
---------------------
 There are 0 combinational loops in the design.


10. checking partial_input_delay (0)
------------------------------------
 There are 0 input ports with partial input delay specified.


11. checking partial_output_delay (0)
-------------------------------------
 There are 0 ports with partial output delay specified.


12. checking latch_loops (0)
----------------------------
 There are 0 combinational latch loops in the design through latch input



------------------------------------------------------------------------------------------------
| Design Timing Summary
| ---------------------
------------------------------------------------------------------------------------------------

    WNS(ns)      TNS(ns)  TNS Failing Endpoints  TNS Total Endpoints      WHS(ns)      THS(ns)  THS Failing Endpoints  THS Total Endpoints     WPWS(ns)     TPWS(ns)  TPWS Failing Endpoints  TPWS Total Endpoints  
    -------      -------  ---------------------  -------------------      -------      -------  ---------------------  -------------------     --------     --------  ----------------------  --------------------  
        inf        0.000                      0                  448          inf        0.000                      0                  448           NA           NA                      NA                    NA  


There are no user specified timing constraints.


------------------------------------------------------------------------------------------------
| Clock Summary
| -------------
------------------------------------------------------------------------------------------------


------------------------------------------------------------------------------------------------
| Intra Clock Table
| -----------------
------------------------------------------------------------------------------------------------

Clock             WNS(ns)      TNS(ns)  TNS Failing Endpoints  TNS Total Endpoints      WHS(ns)      THS(ns)  THS Failing Endpoints  THS Total Endpoints     WPWS(ns)     TPWS(ns)  TPWS Failing Endpoints  TPWS Total Endpoints  
-----             -------      -------  ---------------------  -------------------      -------      -------  ---------------------  -------------------     --------     --------  ----------------------  --------------------  


------------------------------------------------------------------------------------------------
| Inter Clock Table
| -----------------
------------------------------------------------------------------------------------------------

From Clock    To Clock          WNS(ns)      TNS(ns)  TNS Failing Endpoints  TNS Total Endpoints      WHS(ns)      THS(ns)  THS Failing Endpoints  THS Total Endpoints  
----------    --------          -------      -------  ---------------------  -------------------      -------      -------  ---------------------  -------------------  


------------------------------------------------------------------------------------------------
| Other Path Groups Table
| -----------------------
------------------------------------------------------------------------------------------------

Path Group    From Clock    To Clock          WNS(ns)      TNS(ns)  TNS Failing Endpoints  TNS Total Endpoints      WHS(ns)      THS(ns)  THS Failing Endpoints  THS Total Endpoints  
----------    ----------    --------          -------      -------  ---------------------  -------------------      -------      -------  ---------------------  -------------------  


------------------------------------------------------------------------------------------------
| User Ignored Path Table
| -----------------------
------------------------------------------------------------------------------------------------

Path Group    From Clock    To Clock    
----------    ----------    --------    


------------------------------------------------------------------------------------------------
| Unconstrained Path Table
| ------------------------
------------------------------------------------------------------------------------------------

Path Group    From Clock    To Clock    
----------    ----------    --------    
(none)                                    


------------------------------------------------------------------------------------------------
| Timing Details
| --------------
------------------------------------------------------------------------------------------------


--------------------------------------------------------------------------------------
Path Group:  (none)
From Clock:  
  To Clock:  

Max Delay           448 Endpoints
Min Delay           448 Endpoints
--------------------------------------------------------------------------------------


Max Delay Paths
--------------------------------------------------------------------------------------
Slack:                    inf
  Source:                 ADDR_A[0]
                            (input port)
  Destination:            QA_reg[6]/D
  Path Group:             (none)
  Path Type:              Max at Slow Process Corner
  Data Path Delay:        5.557ns  (logic 1.591ns (28.631%)  route 3.966ns (71.369%))
  Logic Levels:           4  (IBUF=1 LUT5=1 LUT6=1 MUXF7=1)

    Location             Delay type                Incr(ns)  Path(ns)    Netlist Resource(s)
  -------------------------------------------------------------------    -------------------
    V15                                               0.000     0.000 r  ADDR_A[0] (IN)
                         net (fo=0)                   0.000     0.000    ADDR_A[0]
    V15                  IBUF (Prop_ibuf_I_O)         0.951     0.951 r  ADDR_A_IBUF[0]_inst/O
                         net (fo=34, routed)          2.991     3.942    ADDR_A_IBUF[0]
    SLICE_X3Y22          LUT6 (Prop_lut6_I4_O)        0.124     4.066 r  QA[6]_i_5/O
                         net (fo=1, routed)           0.000     4.066    QA[6]_i_5_n_0
    SLICE_X3Y22          MUXF7 (Prop_muxf7_I1_O)      0.217     4.283 r  QA_reg[6]_i_2/O
                         net (fo=1, routed)           0.975     5.258    QA_reg[6]_i_2_n_0
    SLICE_X2Y19          LUT5 (Prop_lut5_I1_O)        0.299     5.557 r  QA[6]_i_1/O
                         net (fo=1, routed)           0.000     5.557    p_2_in[6]
    SLICE_X2Y19          FDRE                                         r  QA_reg[6]/D
  -------------------------------------------------------------------    -------------------

Slack:                    inf
  Source:                 ADDR_B[0]
                            (input port)
  Destination:            QB_reg[3]/D
  Path Group:             (none)
  Path Type:              Max at Slow Process Corner
  Data Path Delay:        5.453ns  (logic 1.615ns (29.623%)  route 3.838ns (70.377%))
  Logic Levels:           4  (IBUF=1 LUT5=1 LUT6=1 MUXF7=1)

    Location             Delay type                Incr(ns)  Path(ns)    Netlist Resource(s)
  -------------------------------------------------------------------    -------------------
    V16                                               0.000     0.000 r  ADDR_B[0] (IN)
                         net (fo=0)                   0.000     0.000    ADDR_B[0]
    V16                  IBUF (Prop_ibuf_I_O)         0.946     0.946 r  ADDR_B_IBUF[0]_inst/O
                         net (fo=34, routed)          3.067     4.013    ADDR_B_IBUF[0]
    SLICE_X2Y22          LUT6 (Prop_lut6_I4_O)        0.124     4.137 r  QB[3]_i_5/O
                         net (fo=1, routed)           0.000     4.137    QB[3]_i_5_n_0
    SLICE_X2Y22          MUXF7 (Prop_muxf7_I1_O)      0.247     4.384 r  QB_reg[3]_i_2/O
                         net (fo=1, routed)           0.771     5.155    QB_reg[3]_i_2_n_0
    SLICE_X1Y23          LUT5 (Prop_lut5_I1_O)        0.298     5.453 r  QB[3]_i_1/O
                         net (fo=1, routed)           0.000     5.453    QB[3]_i_1_n_0
    SLICE_X1Y23          FDRE                                         r  QB_reg[3]/D
  -------------------------------------------------------------------    -------------------

Slack:                    inf
  Source:                 ADDR_B[0]
                            (input port)
  Destination:            QB_reg[7]/D
  Path Group:             (none)
  Path Type:              Max at Slow Process Corner
  Data Path Delay:        5.446ns  (logic 1.613ns (29.626%)  route 3.832ns (70.374%))
  Logic Levels:           4  (IBUF=1 LUT5=1 LUT6=1 MUXF7=1)

    Location             Delay type                Incr(ns)  Path(ns)    Netlist Resource(s)
  -------------------------------------------------------------------    -------------------
    V16                                               0.000     0.000 r  ADDR_B[0] (IN)
                         net (fo=0)                   0.000     0.000    ADDR_B[0]
    V16                  IBUF (Prop_ibuf_I_O)         0.946     0.946 r  ADDR_B_IBUF[0]_inst/O
                         net (fo=34, routed)          2.887     3.834    ADDR_B_IBUF[0]
    SLICE_X4Y24          LUT6 (Prop_lut6_I4_O)        0.124     3.958 r  QB[7]_i_10/O
                         net (fo=1, routed)           0.000     3.958    QB[7]_i_10_n_0
    SLICE_X4Y24          MUXF7 (Prop_muxf7_I1_O)      0.245     4.203 r  QB_reg[7]_i_7/O
                         net (fo=1, routed)           0.945     5.148    QB_reg[7]_i_7_n_0
    SLICE_X1Y23          LUT5 (Prop_lut5_I1_O)        0.298     5.446 r  QB[7]_i_2/O
                         net (fo=1, routed)           0.000     5.446    QB[7]_i_2_n_0
    SLICE_X1Y23          FDRE                                         r  QB_reg[7]/D
  -------------------------------------------------------------------    -------------------

Slack:                    inf
  Source:                 ADDR_B[1]
                            (input port)
  Destination:            QB_reg[6]/D
  Path Group:             (none)
  Path Type:              Max at Slow Process Corner
  Data Path Delay:        5.369ns  (logic 1.593ns (29.678%)  route 3.775ns (70.322%))
  Logic Levels:           4  (IBUF=1 LUT5=1 LUT6=1 MUXF7=1)

    Location             Delay type                Incr(ns)  Path(ns)    Netlist Resource(s)
  -------------------------------------------------------------------    -------------------
    U18                                               0.000     0.000 r  ADDR_B[1] (IN)
                         net (fo=0)                   0.000     0.000    ADDR_B[1]
    U18                  IBUF (Prop_ibuf_I_O)         0.926     0.926 r  ADDR_B_IBUF[1]_inst/O
                         net (fo=34, routed)          2.808     3.734    ADDR_B_IBUF[1]
    SLICE_X4Y20          LUT6 (Prop_lut6_I2_O)        0.124     3.858 r  QB[6]_i_7/O
                         net (fo=1, routed)           0.000     3.858    QB[6]_i_7_n_0
    SLICE_X4Y20          MUXF7 (Prop_muxf7_I1_O)      0.245     4.103 r  QB_reg[6]_i_3/O
                         net (fo=1, routed)           0.968     5.071    QB_reg[6]_i_3_n_0
    SLICE_X0Y22          LUT5 (Prop_lut5_I3_O)        0.298     5.369 r  QB[6]_i_1/O
                         net (fo=1, routed)           0.000     5.369    QB[6]_i_1_n_0
    SLICE_X0Y22          FDRE                                         r  QB_reg[6]/D
  -------------------------------------------------------------------    -------------------

Slack:                    inf
  Source:                 QB_reg[7]/C
                            (rising edge-triggered cell FDRE)
  Destination:            QB[7]
                            (output port)
  Path Group:             (none)
  Path Type:              Max at Slow Process Corner
  Data Path Delay:        5.355ns  (logic 3.059ns (57.121%)  route 2.296ns (42.879%))
  Logic Levels:           2  (FDRE=1 OBUF=1)

    Location             Delay type                Incr(ns)  Path(ns)    Netlist Resource(s)
  -------------------------------------------------------------------    -------------------
    SLICE_X1Y23          FDRE                         0.000     0.000 r  QB_reg[7]/C
    SLICE_X1Y23          FDRE (Prop_fdre_C_Q)         0.456     0.456 r  QB_reg[7]/Q
                         net (fo=1, routed)           2.296     2.752    QB_OBUF[7]
    K19                  OBUF (Prop_obuf_I_O)         2.603     5.355 r  QB_OBUF[7]_inst/O
                         net (fo=0)                   0.000     5.355    QB[7]
    K19                                                               r  QB[7] (OUT)
  -------------------------------------------------------------------    -------------------

Slack:                    inf
  Source:                 ADDR_A[0]
                            (input port)
  Destination:            QA_reg[3]/D
  Path Group:             (none)
  Path Type:              Max at Slow Process Corner
  Data Path Delay:        5.323ns  (logic 1.586ns (29.795%)  route 3.737ns (70.205%))
  Logic Levels:           4  (IBUF=1 LUT5=1 LUT6=1 MUXF7=1)

    Location             Delay type                Incr(ns)  Path(ns)    Netlist Resource(s)
  -------------------------------------------------------------------    -------------------
    V15                                               0.000     0.000 r  ADDR_A[0] (IN)
                         net (fo=0)                   0.000     0.000    ADDR_A[0]
    V15                  IBUF (Prop_ibuf_I_O)         0.951     0.951 r  ADDR_A_IBUF[0]_inst/O
                         net (fo=34, routed)          3.156     4.107    ADDR_A_IBUF[0]
    SLICE_X2Y23          LUT6 (Prop_lut6_I4_O)        0.124     4.231 r  QA[3]_i_7/O
                         net (fo=1, routed)           0.000     4.231    QA[3]_i_7_n_0
    SLICE_X2Y23          MUXF7 (Prop_muxf7_I1_O)      0.214     4.445 r  QA_reg[3]_i_3/O
                         net (fo=1, routed)           0.581     5.026    QA_reg[3]_i_3_n_0
    SLICE_X1Y22          LUT5 (Prop_lut5_I3_O)        0.297     5.323 r  QA[3]_i_1/O
                         net (fo=1, routed)           0.000     5.323    p_2_in[3]
    SLICE_X1Y22          FDRE                                         r  QA_reg[3]/D
  -------------------------------------------------------------------    -------------------

Slack:                    inf
  Source:                 ADDR_A[2]
                            (input port)
  Destination:            QA_reg[1]/CE
  Path Group:             (none)
  Path Type:              Max at Slow Process Corner
  Data Path Delay:        5.240ns  (logic 1.197ns (22.840%)  route 4.043ns (77.160%))
  Logic Levels:           3  (IBUF=1 LUT5=2)

    Location             Delay type                Incr(ns)  Path(ns)    Netlist Resource(s)
  -------------------------------------------------------------------    -------------------
    W16                                               0.000     0.000 r  ADDR_A[2] (IN)
                         net (fo=0)                   0.000     0.000    ADDR_A[2]
    W16                  IBUF (Prop_ibuf_I_O)         0.949     0.949 r  ADDR_A_IBUF[2]_inst/O
                         net (fo=18, routed)          1.968     2.916    ADDR_A_IBUF[2]
    SLICE_X2Y18          LUT5 (Prop_lut5_I2_O)        0.124     3.040 f  QA[7]_i_4/O
                         net (fo=1, routed)           0.897     3.937    QA[7]_i_4_n_0
    SLICE_X2Y18          LUT5 (Prop_lut5_I4_O)        0.124     4.061 r  QA[7]_i_1/O
                         net (fo=8, routed)           1.179     5.240    QA[7]_i_1_n_0
    SLICE_X1Y22          FDRE                                         r  QA_reg[1]/CE
  -------------------------------------------------------------------    -------------------

Slack:                    inf
  Source:                 ADDR_A[2]
                            (input port)
  Destination:            QA_reg[2]/CE
  Path Group:             (none)
  Path Type:              Max at Slow Process Corner
  Data Path Delay:        5.240ns  (logic 1.197ns (22.840%)  route 4.043ns (77.160%))
  Logic Levels:           3  (IBUF=1 LUT5=2)

    Location             Delay type                Incr(ns)  Path(ns)    Netlist Resource(s)
  -------------------------------------------------------------------    -------------------
    W16                                               0.000     0.000 r  ADDR_A[2] (IN)
                         net (fo=0)                   0.000     0.000    ADDR_A[2]
    W16                  IBUF (Prop_ibuf_I_O)         0.949     0.949 r  ADDR_A_IBUF[2]_inst/O
                         net (fo=18, routed)          1.968     2.916    ADDR_A_IBUF[2]
    SLICE_X2Y18          LUT5 (Prop_lut5_I2_O)        0.124     3.040 f  QA[7]_i_4/O
                         net (fo=1, routed)           0.897     3.937    QA[7]_i_4_n_0
    SLICE_X2Y18          LUT5 (Prop_lut5_I4_O)        0.124     4.061 r  QA[7]_i_1/O
                         net (fo=8, routed)           1.179     5.240    QA[7]_i_1_n_0
    SLICE_X1Y22          FDRE                                         r  QA_reg[2]/CE
  -------------------------------------------------------------------    -------------------

Slack:                    inf
  Source:                 ADDR_A[2]
                            (input port)
  Destination:            QA_reg[3]/CE
  Path Group:             (none)
  Path Type:              Max at Slow Process Corner
  Data Path Delay:        5.240ns  (logic 1.197ns (22.840%)  route 4.043ns (77.160%))
  Logic Levels:           3  (IBUF=1 LUT5=2)

    Location             Delay type                Incr(ns)  Path(ns)    Netlist Resource(s)
  -------------------------------------------------------------------    -------------------
    W16                                               0.000     0.000 r  ADDR_A[2] (IN)
                         net (fo=0)                   0.000     0.000    ADDR_A[2]
    W16                  IBUF (Prop_ibuf_I_O)         0.949     0.949 r  ADDR_A_IBUF[2]_inst/O
                         net (fo=18, routed)          1.968     2.916    ADDR_A_IBUF[2]
    SLICE_X2Y18          LUT5 (Prop_lut5_I2_O)        0.124     3.040 f  QA[7]_i_4/O
                         net (fo=1, routed)           0.897     3.937    QA[7]_i_4_n_0
    SLICE_X2Y18          LUT5 (Prop_lut5_I4_O)        0.124     4.061 r  QA[7]_i_1/O
                         net (fo=8, routed)           1.179     5.240    QA[7]_i_1_n_0
    SLICE_X1Y22          FDRE                                         r  QA_reg[3]/CE
  -------------------------------------------------------------------    -------------------

Slack:                    inf
  Source:                 ADDR_A[2]
                            (input port)
  Destination:            QA_reg[5]/CE
  Path Group:             (none)
  Path Type:              Max at Slow Process Corner
  Data Path Delay:        5.240ns  (logic 1.197ns (22.840%)  route 4.043ns (77.160%))
  Logic Levels:           3  (IBUF=1 LUT5=2)

    Location             Delay type                Incr(ns)  Path(ns)    Netlist Resource(s)
  -------------------------------------------------------------------    -------------------
    W16                                               0.000     0.000 r  ADDR_A[2] (IN)
                         net (fo=0)                   0.000     0.000    ADDR_A[2]
    W16                  IBUF (Prop_ibuf_I_O)         0.949     0.949 r  ADDR_A_IBUF[2]_inst/O
                         net (fo=18, routed)          1.968     2.916    ADDR_A_IBUF[2]
    SLICE_X2Y18          LUT5 (Prop_lut5_I2_O)        0.124     3.040 f  QA[7]_i_4/O
                         net (fo=1, routed)           0.897     3.937    QA[7]_i_4_n_0
    SLICE_X2Y18          LUT5 (Prop_lut5_I4_O)        0.124     4.061 r  QA[7]_i_1/O
                         net (fo=8, routed)           1.179     5.240    QA[7]_i_1_n_0
    SLICE_X1Y22          FDRE                                         r  QA_reg[5]/CE
  -------------------------------------------------------------------    -------------------





Min Delay Paths
--------------------------------------------------------------------------------------
Slack:                    inf
  Source:                 regs_reg[15][1]/C
                            (rising edge-triggered cell FDRE)
  Destination:            QA_reg[1]/D
  Path Group:             (none)
  Path Type:              Min at Fast Process Corner
  Data Path Delay:        0.612ns  (logic 0.382ns (62.456%)  route 0.230ns (37.544%))
  Logic Levels:           4  (FDRE=1 LUT5=1 LUT6=1 MUXF7=1)

    Location             Delay type                Incr(ns)  Path(ns)    Netlist Resource(s)
  -------------------------------------------------------------------    -------------------
    SLICE_X6Y22          FDRE                         0.000     0.000 r  regs_reg[15][1]/C
    SLICE_X6Y22          FDRE (Prop_fdre_C_Q)         0.164     0.164 r  regs_reg[15][1]/Q
                         net (fo=2, routed)           0.113     0.277    regs_reg[15][1]
    SLICE_X4Y22          LUT6 (Prop_lut6_I0_O)        0.045     0.322 r  QA[1]_i_5/O
                         net (fo=1, routed)           0.000     0.322    QA[1]_i_5_n_0
    SLICE_X4Y22          MUXF7 (Prop_muxf7_I1_O)      0.065     0.387 r  QA_reg[1]_i_2/O
                         net (fo=1, routed)           0.117     0.504    QA_reg[1]_i_2_n_0
    SLICE_X1Y22          LUT5 (Prop_lut5_I1_O)        0.108     0.612 r  QA[1]_i_1/O
                         net (fo=1, routed)           0.000     0.612    p_2_in[1]
    SLICE_X1Y22          FDRE                                         r  QA_reg[1]/D
  -------------------------------------------------------------------    -------------------

Slack:                    inf
  Source:                 regs_reg[3][3]/C
                            (rising edge-triggered cell FDRE)
  Destination:            QB_reg[3]/D
  Path Group:             (none)
  Path Type:              Min at Fast Process Corner
  Data Path Delay:        0.620ns  (logic 0.367ns (59.170%)  route 0.253ns (40.830%))
  Logic Levels:           4  (FDRE=1 LUT5=1 LUT6=1 MUXF7=1)

    Location             Delay type                Incr(ns)  Path(ns)    Netlist Resource(s)
  -------------------------------------------------------------------    -------------------
    SLICE_X3Y21          FDRE                         0.000     0.000 r  regs_reg[3][3]/C
    SLICE_X3Y21          FDRE (Prop_fdre_C_Q)         0.141     0.141 r  regs_reg[3][3]/Q
                         net (fo=2, routed)           0.122     0.263    regs_reg[3][3]
    SLICE_X2Y23          LUT6 (Prop_lut6_I0_O)        0.045     0.308 r  QB[3]_i_6/O
                         net (fo=1, routed)           0.000     0.308    QB[3]_i_6_n_0
    SLICE_X2Y23          MUXF7 (Prop_muxf7_I0_O)      0.073     0.381 r  QB_reg[3]_i_3/O
                         net (fo=1, routed)           0.132     0.512    QB_reg[3]_i_3_n_0
    SLICE_X1Y23          LUT5 (Prop_lut5_I3_O)        0.108     0.620 r  QB[3]_i_1/O
                         net (fo=1, routed)           0.000     0.620    QB[3]_i_1_n_0
    SLICE_X1Y23          FDRE                                         r  QB_reg[3]/D
  -------------------------------------------------------------------    -------------------

Slack:                    inf
  Source:                 regs_reg[0][5]/C
                            (rising edge-triggered cell FDRE)
  Destination:            QA_reg[5]/D
  Path Group:             (none)
  Path Type:              Min at Fast Process Corner
  Data Path Delay:        0.624ns  (logic 0.356ns (57.081%)  route 0.268ns (42.919%))
  Logic Levels:           4  (FDRE=1 LUT5=1 LUT6=1 MUXF7=1)

    Location             Delay type                Incr(ns)  Path(ns)    Netlist Resource(s)
  -------------------------------------------------------------------    -------------------
    SLICE_X0Y19          FDRE                         0.000     0.000 r  regs_reg[0][5]/C
    SLICE_X0Y19          FDRE (Prop_fdre_C_Q)         0.141     0.141 r  regs_reg[0][5]/Q
                         net (fo=2, routed)           0.098     0.239    regs_reg[0][5]
    SLICE_X1Y19          LUT6 (Prop_lut6_I5_O)        0.045     0.284 r  QA[5]_i_6/O
                         net (fo=1, routed)           0.000     0.284    QA[5]_i_6_n_0
    SLICE_X1Y19          MUXF7 (Prop_muxf7_I0_O)      0.062     0.346 r  QA_reg[5]_i_3/O
                         net (fo=1, routed)           0.170     0.516    QA_reg[5]_i_3_n_0
    SLICE_X1Y22          LUT5 (Prop_lut5_I3_O)        0.108     0.624 r  QA[5]_i_1/O
                         net (fo=1, routed)           0.000     0.624    p_2_in[5]
    SLICE_X1Y22          FDRE                                         r  QA_reg[5]/D
  -------------------------------------------------------------------    -------------------

Slack:                    inf
  Source:                 W
                            (input port)
  Destination:            QA_reg[3]/D
  Path Group:             (none)
  Path Type:              Min at Fast Process Corner
  Data Path Delay:        0.633ns  (logic 0.205ns (32.357%)  route 0.428ns (67.643%))
  Logic Levels:           2  (IBUF=1 LUT5=1)

    Location             Delay type                Incr(ns)  Path(ns)    Netlist Resource(s)
  -------------------------------------------------------------------    -------------------
    R18                                               0.000     0.000 r  W (IN)
                         net (fo=0)                   0.000     0.000    W
    R18                  IBUF (Prop_ibuf_I_O)         0.160     0.160 r  W_IBUF_inst/O
                         net (fo=36, routed)          0.428     0.588    W_IBUF
    SLICE_X1Y22          LUT5 (Prop_lut5_I4_O)        0.045     0.633 r  QA[3]_i_1/O
                         net (fo=1, routed)           0.000     0.633    p_2_in[3]
    SLICE_X1Y22          FDRE                                         r  QA_reg[3]/D
  -------------------------------------------------------------------    -------------------

Slack:                    inf
  Source:                 DATA[7]
                            (input port)
  Destination:            regs_reg[6][7]/D
  Path Group:             (none)
  Path Type:              Min at Fast Process Corner
  Data Path Delay:        0.640ns  (logic 0.165ns (25.744%)  route 0.476ns (74.256%))
  Logic Levels:           1  (IBUF=1)

    Location             Delay type                Incr(ns)  Path(ns)    Netlist Resource(s)
  -------------------------------------------------------------------    -------------------
    W15                                               0.000     0.000 r  DATA[7] (IN)
                         net (fo=0)                   0.000     0.000    DATA[7]
    W15                  IBUF (Prop_ibuf_I_O)         0.165     0.165 r  DATA_IBUF[7]_inst/O
                         net (fo=18, routed)          0.476     0.640    DATA_IBUF[7]
    SLICE_X3Y17          FDRE                                         r  regs_reg[6][7]/D
  -------------------------------------------------------------------    -------------------

Slack:                    inf
  Source:                 W
                            (input port)
  Destination:            QA_reg[4]/D
  Path Group:             (none)
  Path Type:              Min at Fast Process Corner
  Data Path Delay:        0.651ns  (logic 0.205ns (31.479%)  route 0.446ns (68.521%))
  Logic Levels:           2  (IBUF=1 LUT5=1)

    Location             Delay type                Incr(ns)  Path(ns)    Netlist Resource(s)
  -------------------------------------------------------------------    -------------------
    R18                                               0.000     0.000 r  W (IN)
                         net (fo=0)                   0.000     0.000    W
    R18                  IBUF (Prop_ibuf_I_O)         0.160     0.160 r  W_IBUF_inst/O
                         net (fo=36, routed)          0.446     0.606    W_IBUF
    SLICE_X0Y21          LUT5 (Prop_lut5_I4_O)        0.045     0.651 r  QA[4]_i_1/O
                         net (fo=1, routed)           0.000     0.651    p_2_in[4]
    SLICE_X0Y21          FDRE                                         r  QA_reg[4]/D
  -------------------------------------------------------------------    -------------------

Slack:                    inf
  Source:                 regs_reg[12][0]/C
                            (rising edge-triggered cell FDRE)
  Destination:            QA_reg[0]/D
  Path Group:             (none)
  Path Type:              Min at Fast Process Corner
  Data Path Delay:        0.664ns  (logic 0.359ns (54.029%)  route 0.305ns (45.971%))
  Logic Levels:           4  (FDRE=1 LUT5=1 LUT6=1 MUXF7=1)

    Location             Delay type                Incr(ns)  Path(ns)    Netlist Resource(s)
  -------------------------------------------------------------------    -------------------
    SLICE_X7Y22          FDRE                         0.000     0.000 r  regs_reg[12][0]/C
    SLICE_X7Y22          FDRE (Prop_fdre_C_Q)         0.141     0.141 r  regs_reg[12][0]/Q
                         net (fo=2, routed)           0.135     0.276    regs_reg[12][0]
    SLICE_X5Y21          LUT6 (Prop_lut6_I5_O)        0.045     0.321 r  QA[0]_i_5/O
                         net (fo=1, routed)           0.000     0.321    QA[0]_i_5_n_0
    SLICE_X5Y21          MUXF7 (Prop_muxf7_I1_O)      0.065     0.386 r  QA_reg[0]_i_2/O
                         net (fo=1, routed)           0.171     0.556    QA_reg[0]_i_2_n_0
    SLICE_X2Y19          LUT5 (Prop_lut5_I1_O)        0.108     0.664 r  QA[0]_i_1/O
                         net (fo=1, routed)           0.000     0.664    p_2_in[0]
    SLICE_X2Y19          FDRE                                         r  QA_reg[0]/D
  -------------------------------------------------------------------    -------------------

Slack:                    inf
  Source:                 regs_reg[11][2]/C
                            (rising edge-triggered cell FDRE)
  Destination:            QA_reg[2]/D
  Path Group:             (none)
  Path Type:              Min at Fast Process Corner
  Data Path Delay:        0.666ns  (logic 0.356ns (53.420%)  route 0.310ns (46.580%))
  Logic Levels:           4  (FDRE=1 LUT5=1 LUT6=1 MUXF7=1)

    Location             Delay type                Incr(ns)  Path(ns)    Netlist Resource(s)
  -------------------------------------------------------------------    -------------------
    SLICE_X5Y23          FDRE                         0.000     0.000 r  regs_reg[11][2]/C
    SLICE_X5Y23          FDRE (Prop_fdre_C_Q)         0.141     0.141 r  regs_reg[11][2]/Q
                         net (fo=2, routed)           0.069     0.210    regs_reg[11][2]
    SLICE_X4Y23          LUT6 (Prop_lut6_I0_O)        0.045     0.255 r  QA[2]_i_4/O
                         net (fo=1, routed)           0.000     0.255    QA[2]_i_4_n_0
    SLICE_X4Y23          MUXF7 (Prop_muxf7_I0_O)      0.062     0.317 r  QA_reg[2]_i_2/O
                         net (fo=1, routed)           0.242     0.558    QA_reg[2]_i_2_n_0
    SLICE_X1Y22          LUT5 (Prop_lut5_I1_O)        0.108     0.666 r  QA[2]_i_1/O
                         net (fo=1, routed)           0.000     0.666    p_2_in[2]
    SLICE_X1Y22          FDRE                                         r  QA_reg[2]/D
  -------------------------------------------------------------------    -------------------

Slack:                    inf
  Source:                 W
                            (input port)
  Destination:            QB_reg[5]/D
  Path Group:             (none)
  Path Type:              Min at Fast Process Corner
  Data Path Delay:        0.697ns  (logic 0.205ns (29.383%)  route 0.492ns (70.617%))
  Logic Levels:           2  (IBUF=1 LUT5=1)

    Location             Delay type                Incr(ns)  Path(ns)    Netlist Resource(s)
  -------------------------------------------------------------------    -------------------
    R18                                               0.000     0.000 r  W (IN)
                         net (fo=0)                   0.000     0.000    W
    R18                  IBUF (Prop_ibuf_I_O)         0.160     0.160 r  W_IBUF_inst/O
                         net (fo=36, routed)          0.492     0.652    W_IBUF
    SLICE_X1Y23          LUT5 (Prop_lut5_I4_O)        0.045     0.697 r  QB[5]_i_1/O
                         net (fo=1, routed)           0.000     0.697    QB[5]_i_1_n_0
    SLICE_X1Y23          FDRE                                         r  QB_reg[5]/D
  -------------------------------------------------------------------    -------------------

Slack:                    inf
  Source:                 W
                            (input port)
  Destination:            QB_reg[7]/D
  Path Group:             (none)
  Path Type:              Min at Fast Process Corner
  Data Path Delay:        0.700ns  (logic 0.205ns (29.257%)  route 0.495ns (70.743%))
  Logic Levels:           2  (IBUF=1 LUT5=1)

    Location             Delay type                Incr(ns)  Path(ns)    Netlist Resource(s)
  -------------------------------------------------------------------    -------------------
    R18                                               0.000     0.000 r  W (IN)
                         net (fo=0)                   0.000     0.000    W
    R18                  IBUF (Prop_ibuf_I_O)         0.160     0.160 r  W_IBUF_inst/O
                         net (fo=36, routed)          0.495     0.655    W_IBUF
    SLICE_X1Y23          LUT5 (Prop_lut5_I4_O)        0.045     0.700 r  QB[7]_i_2/O
                         net (fo=1, routed)           0.000     0.700    QB[7]_i_2_n_0
    SLICE_X1Y23          FDRE                                         r  QB_reg[7]/D
  -------------------------------------------------------------------    -------------------





