Copyright 1986-2022 Xilinx, Inc. All Rights Reserved. Copyright 2022-2024 Advanced Micro Devices, Inc. All Rights Reserved.
---------------------------------------------------------------------------------------------------------------------------------------------
| Tool Version : Vivado v.2024.2 (lin64) Build 5239630 Fri Nov 08 22:34:34 MST 2024
| Date         : Sat Apr 25 11:50:41 2026
| Host         : srv-tp04 running 64-bit Linux Mint 22
| Command      : report_control_sets -verbose -file BANC_control_sets_placed.rpt
| Design       : BANC
| Device       : xc7a35t
---------------------------------------------------------------------------------------------------------------------------------------------

Control Set Information

Table of Contents
-----------------
1. Summary
2. Histogram
3. Flip-Flop Distribution
4. Detailed Control Set Information

1. Summary
----------

+----------------------------------------------------------+-------+
|                          Status                          | Count |
+----------------------------------------------------------+-------+
| Total control sets                                       |    18 |
|    Minimum number of control sets                        |    18 |
|    Addition due to synthesis replication                 |     0 |
|    Addition due to physical synthesis replication        |     0 |
| Unused register locations in slices containing registers |     0 |
+----------------------------------------------------------+-------+
* Control sets can be merged at opt_design using control_set_merge or merge_equivalent_drivers
** Run report_qor_suggestions for automated merging and remapping suggestions


2. Histogram
------------

+--------------------+-------+
|       Fanout       | Count |
+--------------------+-------+
| Total control sets |    18 |
| >= 0 to < 4        |     0 |
| >= 4 to < 6        |     0 |
| >= 6 to < 8        |     0 |
| >= 8 to < 10       |    18 |
| >= 10 to < 12      |     0 |
| >= 12 to < 14      |     0 |
| >= 14 to < 16      |     0 |
| >= 16              |     0 |
+--------------------+-------+
* Control sets can be remapped at either synth_design or opt_design


3. Flip-Flop Distribution
-------------------------

+--------------+-----------------------+------------------------+-----------------+--------------+
| Clock Enable | Synchronous Set/Reset | Asynchronous Set/Reset | Total Registers | Total Slices |
+--------------+-----------------------+------------------------+-----------------+--------------+
| No           | No                    | No                     |               0 |            0 |
| No           | No                    | Yes                    |               0 |            0 |
| No           | Yes                   | No                     |               0 |            0 |
| Yes          | No                    | No                     |               0 |            0 |
| Yes          | No                    | Yes                    |               0 |            0 |
| Yes          | Yes                   | No                     |             144 |           52 |
+--------------+-----------------------+------------------------+-----------------+--------------+


4. Detailed Control Set Information
-----------------------------------

+----------------+--------------------+------------------+------------------+----------------+--------------+
|  Clock Signal  |    Enable Signal   | Set/Reset Signal | Slice Load Count | Bel Load Count | Bels / Slice |
+----------------+--------------------+------------------+------------------+----------------+--------------+
|  CLK_IBUF_BUFG | regs[11]           | p_0_in           |                1 |              8 |         8.00 |
|  CLK_IBUF_BUFG | regs[1]            | p_0_in           |                3 |              8 |         2.67 |
|  CLK_IBUF_BUFG | regs[8]            | p_0_in           |                5 |              8 |         1.60 |
|  CLK_IBUF_BUFG | regs[6]            | p_0_in           |                3 |              8 |         2.67 |
|  CLK_IBUF_BUFG | regs[3]            | p_0_in           |                3 |              8 |         2.67 |
|  CLK_IBUF_BUFG | regs[9]            | p_0_in           |                2 |              8 |         4.00 |
|  CLK_IBUF_BUFG | regs[7]            | p_0_in           |                3 |              8 |         2.67 |
|  CLK_IBUF_BUFG | regs[5]            | p_0_in           |                2 |              8 |         4.00 |
|  CLK_IBUF_BUFG | regs[4]            | p_0_in           |                2 |              8 |         4.00 |
|  CLK_IBUF_BUFG | QA[7]_i_1_n_0      | p_0_in           |                4 |              8 |         2.00 |
|  CLK_IBUF_BUFG | regs[15]           | p_0_in           |                1 |              8 |         8.00 |
|  CLK_IBUF_BUFG | regs[14]           | p_0_in           |                5 |              8 |         1.60 |
|  CLK_IBUF_BUFG | regs[2]            | p_0_in           |                3 |              8 |         2.67 |
|  CLK_IBUF_BUFG | regs[12]           | p_0_in           |                1 |              8 |         8.00 |
|  CLK_IBUF_BUFG | regs[13]           | p_0_in           |                4 |              8 |         2.00 |
|  CLK_IBUF_BUFG | regs[0][7]_i_2_n_0 | p_0_in           |                3 |              8 |         2.67 |
|  CLK_IBUF_BUFG | regs[10]           | p_0_in           |                5 |              8 |         1.60 |
|  CLK_IBUF_BUFG | QB[7]_i_1_n_0      | p_0_in           |                2 |              8 |         4.00 |
+----------------+--------------------+------------------+------------------+----------------+--------------+


