
*** Running vivado
    with args -log ALU.vdi -applog -m64 -product Vivado -messageDb vivado.pb -mode batch -source ALU.tcl -notrace


****** Vivado v2024.2 (64-bit)
  **** SW Build 5239630 on Fri Nov 08 22:34:34 MST 2024
  **** IP Build 5239520 on Sun Nov 10 16:12:51 MST 2024
  **** SharedData Build 5239561 on Fri Nov 08 14:39:27 MST 2024
  **** Start of session at: Fri Apr 17 14:15:41 2026
    ** Copyright 1986-2022 Xilinx, Inc. All Rights Reserved.
    ** Copyright 2022-2024 Advanced Micro Devices, Inc. All Rights Reserved.

source ALU.tcl -notrace
Command: link_design -top ALU -part xc7a35tcpg236-1
Design is defaulting to srcset: sources_1
Design is defaulting to constrset: constrs_1
INFO: [Device 21-403] Loading part xc7a35tcpg236-1
Netlist sorting complete. Time (s): cpu = 00:00:00 ; elapsed = 00:00:00 . Memory (MB): peak = 1504.117 ; gain = 0.000 ; free physical = 8377 ; free virtual = 11448
INFO: [Netlist 29-17] Analyzing 102 Unisim elements for replacement
INFO: [Netlist 29-28] Unisim Transformation completed in 0 CPU seconds
INFO: [Project 1-479] Netlist was created with Vivado 2024.2
INFO: [Project 1-570] Preparing netlist for logic optimization
Read ShapeDB Complete: Time (s): cpu = 00:00:00.01 ; elapsed = 00:00:00.02 . Memory (MB): peak = 1557.992 ; gain = 0.000 ; free physical = 8281 ; free virtual = 11352
Netlist sorting complete. Time (s): cpu = 00:00:00 ; elapsed = 00:00:00 . Memory (MB): peak = 1558.992 ; gain = 0.000 ; free physical = 8281 ; free virtual = 11352
INFO: [Project 1-111] Unisim Transformation Summary:
No Unisim elements were transformed.

6 Infos, 0 Warnings, 0 Critical Warnings and 0 Errors encountered.
link_design completed successfully
Command: opt_design
Attempting to get a license for feature 'Implementation' and/or device 'xc7a35t'
INFO: [Common 17-349] Got license for feature 'Implementation' and/or device 'xc7a35t'
Running DRC as a precondition to command opt_design

Starting DRC Task
INFO: [DRC 23-27] Running DRC with 8 threads
INFO: [Project 1-461] DRC finished with 0 Errors
INFO: [Project 1-462] Please refer to the DRC report (report_drc) for more information.

Time (s): cpu = 00:00:01 ; elapsed = 00:00:00.38 . Memory (MB): peak = 1799.000 ; gain = 212.195 ; free physical = 8234 ; free virtual = 11305

Starting Cache Timing Information Task
INFO: [Timing 38-35] Done setting XDC timing constraints.
Ending Cache Timing Information Task | Checksum: 1a541aa72

Time (s): cpu = 00:00:05 ; elapsed = 00:00:05 . Memory (MB): peak = 2179.953 ; gain = 380.953 ; free physical = 7842 ; free virtual = 10913

Starting Logic Optimization Task

Phase 1 Initialization

Phase 1.1 Core Generation And Design Setup
Phase 1.1 Core Generation And Design Setup | Checksum: 1a541aa72

Time (s): cpu = 00:00:00 ; elapsed = 00:00:00 . Memory (MB): peak = 2526.812 ; gain = 0.000 ; free physical = 7457 ; free virtual = 10528

Phase 1.2 Setup Constraints And Sort Netlist
Phase 1.2 Setup Constraints And Sort Netlist | Checksum: 1a541aa72

Time (s): cpu = 00:00:00 ; elapsed = 00:00:00 . Memory (MB): peak = 2526.812 ; gain = 0.000 ; free physical = 7457 ; free virtual = 10528
Phase 1 Initialization | Checksum: 1a541aa72

Time (s): cpu = 00:00:00 ; elapsed = 00:00:00 . Memory (MB): peak = 2526.812 ; gain = 0.000 ; free physical = 7457 ; free virtual = 10528

Phase 2 Timer Update And Timing Data Collection

Phase 2.1 Timer Update
Phase 2.1 Timer Update | Checksum: 1a541aa72

Time (s): cpu = 00:00:00.03 ; elapsed = 00:00:00.02 . Memory (MB): peak = 2526.812 ; gain = 0.000 ; free physical = 7457 ; free virtual = 10528

Phase 2.2 Timing Data Collection
Phase 2.2 Timing Data Collection | Checksum: 1a541aa72

Time (s): cpu = 00:00:00.04 ; elapsed = 00:00:00.02 . Memory (MB): peak = 2526.812 ; gain = 0.000 ; free physical = 7457 ; free virtual = 10528
Phase 2 Timer Update And Timing Data Collection | Checksum: 1a541aa72

Time (s): cpu = 00:00:00.04 ; elapsed = 00:00:00.02 . Memory (MB): peak = 2526.812 ; gain = 0.000 ; free physical = 7457 ; free virtual = 10528

Phase 3 Retarget
INFO: [Opt 31-1851] Number of loadless carry chains removed were: 0
INFO: [Opt 31-1834] Total Chains To Be Transformed Were: 0 AND Number of Transformed insts Created are: 0
INFO: [Opt 31-138] Pushed 0 inverter(s) to 0 load pin(s).
INFO: [Opt 31-49] Retargeted 0 cell(s).
Phase 3 Retarget | Checksum: 1a541aa72

Time (s): cpu = 00:00:00.06 ; elapsed = 00:00:00.05 . Memory (MB): peak = 2526.812 ; gain = 0.000 ; free physical = 7457 ; free virtual = 10528
Retarget | Checksum: 1a541aa72
INFO: [Opt 31-389] Phase Retarget created 0 cells and removed 0 cells

Phase 4 Constant propagation
INFO: [Opt 31-138] Pushed 0 inverter(s) to 0 load pin(s).
Phase 4 Constant propagation | Checksum: 165d91d6b

Time (s): cpu = 00:00:00.07 ; elapsed = 00:00:00.06 . Memory (MB): peak = 2526.812 ; gain = 0.000 ; free physical = 7457 ; free virtual = 10528
Constant propagation | Checksum: 165d91d6b
INFO: [Opt 31-389] Phase Constant propagation created 0 cells and removed 0 cells

Phase 5 Sweep
INFO: [Constraints 18-11670] Building netlist checker database with flags, 0x8
Done building netlist checker database: Time (s): cpu = 00:00:00 ; elapsed = 00:00:00 . Memory (MB): peak = 2526.812 ; gain = 0.000 ; free physical = 7457 ; free virtual = 10528
Phase 5 Sweep | Checksum: 14e8ab2cb

Time (s): cpu = 00:00:00.07 ; elapsed = 00:00:00.07 . Memory (MB): peak = 2526.812 ; gain = 0.000 ; free physical = 7457 ; free virtual = 10528
Sweep | Checksum: 14e8ab2cb
INFO: [Opt 31-389] Phase Sweep created 0 cells and removed 0 cells

Phase 6 BUFG optimization
Phase 6 BUFG optimization | Checksum: 14e8ab2cb

Time (s): cpu = 00:00:00.09 ; elapsed = 00:00:00.08 . Memory (MB): peak = 2558.828 ; gain = 32.016 ; free physical = 7457 ; free virtual = 10528
BUFG optimization | Checksum: 14e8ab2cb
INFO: [Opt 31-662] Phase BUFG optimization created 0 cells of which 0 are BUFGs and removed 0 cells.

Phase 7 Shift Register Optimization
INFO: [Opt 31-1064] SRL Remap converted 0 SRLs to 0 registers and converted 0 registers of register chains to 0 SRLs
Phase 7 Shift Register Optimization | Checksum: 14e8ab2cb

Time (s): cpu = 00:00:00.09 ; elapsed = 00:00:00.08 . Memory (MB): peak = 2558.828 ; gain = 32.016 ; free physical = 7457 ; free virtual = 10528
Shift Register Optimization | Checksum: 14e8ab2cb
INFO: [Opt 31-389] Phase Shift Register Optimization created 0 cells and removed 0 cells

Phase 8 Post Processing Netlist
Phase 8 Post Processing Netlist | Checksum: 14e8ab2cb

Time (s): cpu = 00:00:00.1 ; elapsed = 00:00:00.08 . Memory (MB): peak = 2558.828 ; gain = 32.016 ; free physical = 7457 ; free virtual = 10528
Post Processing Netlist | Checksum: 14e8ab2cb
INFO: [Opt 31-389] Phase Post Processing Netlist created 0 cells and removed 0 cells

Phase 9 Finalization

Phase 9.1 Finalizing Design Cores and Updating Shapes
Phase 9.1 Finalizing Design Cores and Updating Shapes | Checksum: 18e9003aa

Time (s): cpu = 00:00:00.25 ; elapsed = 00:00:00.12 . Memory (MB): peak = 2582.840 ; gain = 56.027 ; free physical = 7457 ; free virtual = 10528

Phase 9.2 Verifying Netlist Connectivity

Starting Connectivity Check Task

Time (s): cpu = 00:00:00 ; elapsed = 00:00:00 . Memory (MB): peak = 2582.840 ; gain = 0.000 ; free physical = 7457 ; free virtual = 10528
Phase 9.2 Verifying Netlist Connectivity | Checksum: 18e9003aa

Time (s): cpu = 00:00:00.25 ; elapsed = 00:00:00.12 . Memory (MB): peak = 2582.840 ; gain = 56.027 ; free physical = 7457 ; free virtual = 10528
Phase 9 Finalization | Checksum: 18e9003aa

Time (s): cpu = 00:00:00.25 ; elapsed = 00:00:00.12 . Memory (MB): peak = 2582.840 ; gain = 56.027 ; free physical = 7457 ; free virtual = 10528
Opt_design Change Summary
=========================


-------------------------------------------------------------------------------------------------------------------------
|  Phase                        |  #Cells created  |  #Cells Removed  |  #Constrained objects preventing optimizations  |
-------------------------------------------------------------------------------------------------------------------------
|  Retarget                     |               0  |               0  |                                              0  |
|  Constant propagation         |               0  |               0  |                                              0  |
|  Sweep                        |               0  |               0  |                                              0  |
|  BUFG optimization            |               0  |               0  |                                              0  |
|  Shift Register Optimization  |               0  |               0  |                                              0  |
|  Post Processing Netlist      |               0  |               0  |                                              0  |
-------------------------------------------------------------------------------------------------------------------------


Ending Logic Optimization Task | Checksum: 18e9003aa

Time (s): cpu = 00:00:00.25 ; elapsed = 00:00:00.12 . Memory (MB): peak = 2582.840 ; gain = 56.027 ; free physical = 7457 ; free virtual = 10528

Starting Power Optimization Task
INFO: [Pwropt 34-132] Skipping clock gating for clocks with a period < 2.00 ns.
Ending Power Optimization Task | Checksum: 18e9003aa

Time (s): cpu = 00:00:00 ; elapsed = 00:00:00 . Memory (MB): peak = 2582.840 ; gain = 0.000 ; free physical = 7457 ; free virtual = 10528

Starting Final Cleanup Task
Ending Final Cleanup Task | Checksum: 18e9003aa

Time (s): cpu = 00:00:00 ; elapsed = 00:00:00 . Memory (MB): peak = 2582.840 ; gain = 0.000 ; free physical = 7457 ; free virtual = 10528

Starting Netlist Obfuscation Task
Netlist sorting complete. Time (s): cpu = 00:00:00 ; elapsed = 00:00:00 . Memory (MB): peak = 2582.840 ; gain = 0.000 ; free physical = 7457 ; free virtual = 10528
Ending Netlist Obfuscation Task | Checksum: 18e9003aa

Time (s): cpu = 00:00:00 ; elapsed = 00:00:00 . Memory (MB): peak = 2582.840 ; gain = 0.000 ; free physical = 7457 ; free virtual = 10528
INFO: [Common 17-83] Releasing license: Implementation
26 Infos, 0 Warnings, 0 Critical Warnings and 0 Errors encountered.
opt_design completed successfully
opt_design: Time (s): cpu = 00:00:09 ; elapsed = 00:00:08 . Memory (MB): peak = 2582.840 ; gain = 996.035 ; free physical = 7457 ; free virtual = 10528
INFO: [Vivado 12-24828] Executing command : report_drc -file ALU_drc_opted.rpt -pb ALU_drc_opted.pb -rpx ALU_drc_opted.rpx
Command: report_drc -file ALU_drc_opted.rpt -pb ALU_drc_opted.pb -rpx ALU_drc_opted.rpx
INFO: [IP_Flow 19-234] Refreshing IP repositories
INFO: [IP_Flow 19-1704] No user IP repositories specified
INFO: [IP_Flow 19-2313] Loaded Vivado IP repository '/usr/local/Xilinx/Vivado/2024.2/data/ip'.
INFO: [DRC 23-27] Running DRC with 8 threads
INFO: [Vivado_Tcl 2-168] The results of DRC are in file /home/mougnibas/Bureau/4IR/S2/projet-systeme-info/VHDL/projet-systeme-info/projet-systeme-info.runs/impl_1/ALU_drc_opted.rpt.
report_drc completed successfully
Write ShapeDB Complete: Time (s): cpu = 00:00:00.01 ; elapsed = 00:00:00.01 . Memory (MB): peak = 2638.668 ; gain = 0.000 ; free physical = 7394 ; free virtual = 10465
INFO: [Common 17-1381] The checkpoint '/home/mougnibas/Bureau/4IR/S2/projet-systeme-info/VHDL/projet-systeme-info/projet-systeme-info.runs/impl_1/ALU_opt.dcp' has been generated.
Command: place_design
Attempting to get a license for feature 'Implementation' and/or device 'xc7a35t'
INFO: [Common 17-349] Got license for feature 'Implementation' and/or device 'xc7a35t'
INFO: [Common 17-83] Releasing license: Implementation
INFO: [DRC 23-27] Running DRC with 8 threads
INFO: [Vivado_Tcl 4-198] DRC finished with 0 Errors
INFO: [Vivado_Tcl 4-199] Please refer to the DRC report (report_drc) for more information.
Running DRC as a precondition to command place_design
INFO: [DRC 23-27] Running DRC with 8 threads
INFO: [Vivado_Tcl 4-198] DRC finished with 0 Errors
INFO: [Vivado_Tcl 4-199] Please refer to the DRC report (report_drc) for more information.
INFO: [Place 30-611] Multithreading enabled for place_design using a maximum of 8 CPUs

Starting Placer Task

Phase 1 Placer Initialization

Phase 1.1 Placer Initialization Netlist Sorting
Netlist sorting complete. Time (s): cpu = 00:00:00 ; elapsed = 00:00:00 . Memory (MB): peak = 2647.574 ; gain = 0.000 ; free physical = 7352 ; free virtual = 10423
Phase 1.1 Placer Initialization Netlist Sorting | Checksum: fab27fce

Time (s): cpu = 00:00:00.01 ; elapsed = 00:00:00 . Memory (MB): peak = 2647.574 ; gain = 0.000 ; free physical = 7352 ; free virtual = 10423
Netlist sorting complete. Time (s): cpu = 00:00:00 ; elapsed = 00:00:00 . Memory (MB): peak = 2647.574 ; gain = 0.000 ; free physical = 7352 ; free virtual = 10423

Phase 1.2 IO Placement/ Clock Placement/ Build Placer Device
INFO: [Timing 38-35] Done setting XDC timing constraints.
Phase 1.2 IO Placement/ Clock Placement/ Build Placer Device | Checksum: 1ad5be8a8

Time (s): cpu = 00:00:00.41 ; elapsed = 00:00:00.14 . Memory (MB): peak = 2647.574 ; gain = 0.000 ; free physical = 7352 ; free virtual = 10423

Phase 1.3 Build Placer Netlist Model
Phase 1.3 Build Placer Netlist Model | Checksum: 2972729b9

Time (s): cpu = 00:00:00.59 ; elapsed = 00:00:00.21 . Memory (MB): peak = 2647.574 ; gain = 0.000 ; free physical = 7352 ; free virtual = 10423

Phase 1.4 Constrain Clocks/Macros
Phase 1.4 Constrain Clocks/Macros | Checksum: 2972729b9

Time (s): cpu = 00:00:00.6 ; elapsed = 00:00:00.21 . Memory (MB): peak = 2647.574 ; gain = 0.000 ; free physical = 7352 ; free virtual = 10423
Phase 1 Placer Initialization | Checksum: 2972729b9

Time (s): cpu = 00:00:00.6 ; elapsed = 00:00:00.21 . Memory (MB): peak = 2647.574 ; gain = 0.000 ; free physical = 7352 ; free virtual = 10423

Phase 2 Global Placement

Phase 2.1 Floorplanning
Phase 2.1 Floorplanning | Checksum: 2972729b9

Time (s): cpu = 00:00:00.61 ; elapsed = 00:00:00.23 . Memory (MB): peak = 2647.574 ; gain = 0.000 ; free physical = 7344 ; free virtual = 10416

Phase 2.2 Update Timing before SLR Path Opt
Phase 2.2 Update Timing before SLR Path Opt | Checksum: 2972729b9

Time (s): cpu = 00:00:00.61 ; elapsed = 00:00:00.24 . Memory (MB): peak = 2647.574 ; gain = 0.000 ; free physical = 7344 ; free virtual = 10416

Phase 2.3 Post-Processing in Floorplanning
Phase 2.3 Post-Processing in Floorplanning | Checksum: 2972729b9

Time (s): cpu = 00:00:00.61 ; elapsed = 00:00:00.24 . Memory (MB): peak = 2647.574 ; gain = 0.000 ; free physical = 7344 ; free virtual = 10416

Phase 2.4 Global Place Phase1
Phase 2.4 Global Place Phase1 | Checksum: 1ae927be7

Time (s): cpu = 00:00:03 ; elapsed = 00:00:00.69 . Memory (MB): peak = 2671.586 ; gain = 24.012 ; free physical = 7348 ; free virtual = 10419

Phase 2.5 Global Place Phase2
WARNING: [Place 46-29] Timing had been disabled during Placer and, therefore, physical synthesis in Placer will be skipped.
Phase 2.5 Global Place Phase2 | Checksum: 220ffc517

Time (s): cpu = 00:00:03 ; elapsed = 00:00:00.73 . Memory (MB): peak = 2671.586 ; gain = 24.012 ; free physical = 7348 ; free virtual = 10419
Phase 2 Global Placement | Checksum: 220ffc517

Time (s): cpu = 00:00:03 ; elapsed = 00:00:00.73 . Memory (MB): peak = 2671.586 ; gain = 24.012 ; free physical = 7348 ; free virtual = 10419

Phase 3 Detail Placement

Phase 3.1 Commit Multi Column Macros
Phase 3.1 Commit Multi Column Macros | Checksum: 220ffc517

Time (s): cpu = 00:00:03 ; elapsed = 00:00:00.74 . Memory (MB): peak = 2671.586 ; gain = 24.012 ; free physical = 7348 ; free virtual = 10419

Phase 3.2 Commit Most Macros & LUTRAMs
Phase 3.2 Commit Most Macros & LUTRAMs | Checksum: 23bb5cb1f

Time (s): cpu = 00:00:03 ; elapsed = 00:00:00.77 . Memory (MB): peak = 2671.586 ; gain = 24.012 ; free physical = 7348 ; free virtual = 10419

Phase 3.3 Area Swap Optimization
Phase 3.3 Area Swap Optimization | Checksum: 1ec61257e

Time (s): cpu = 00:00:03 ; elapsed = 00:00:00.78 . Memory (MB): peak = 2671.586 ; gain = 24.012 ; free physical = 7348 ; free virtual = 10419

Phase 3.4 Pipeline Register Optimization
Phase 3.4 Pipeline Register Optimization | Checksum: 1ec61257e

Time (s): cpu = 00:00:03 ; elapsed = 00:00:00.79 . Memory (MB): peak = 2671.586 ; gain = 24.012 ; free physical = 7348 ; free virtual = 10419

Phase 3.5 Small Shape Detail Placement
Phase 3.5 Small Shape Detail Placement | Checksum: 2b2e9cc6b

Time (s): cpu = 00:00:04 ; elapsed = 00:00:00.9 . Memory (MB): peak = 2678.613 ; gain = 31.039 ; free physical = 7348 ; free virtual = 10419

Phase 3.6 Re-assign LUT pins
Phase 3.6 Re-assign LUT pins | Checksum: 2b2e9cc6b

Time (s): cpu = 00:00:04 ; elapsed = 00:00:00.92 . Memory (MB): peak = 2678.613 ; gain = 31.039 ; free physical = 7348 ; free virtual = 10419

Phase 3.7 Pipeline Register Optimization
Phase 3.7 Pipeline Register Optimization | Checksum: 2b2e9cc6b

Time (s): cpu = 00:00:04 ; elapsed = 00:00:00.92 . Memory (MB): peak = 2678.613 ; gain = 31.039 ; free physical = 7348 ; free virtual = 10419
Phase 3 Detail Placement | Checksum: 2b2e9cc6b

Time (s): cpu = 00:00:04 ; elapsed = 00:00:00.93 . Memory (MB): peak = 2678.613 ; gain = 31.039 ; free physical = 7348 ; free virtual = 10419

Phase 4 Post Placement Optimization and Clean-Up

Phase 4.1 Post Commit Optimization
Phase 4.1 Post Commit Optimization | Checksum: 2b2e9cc6b

Time (s): cpu = 00:00:04 ; elapsed = 00:00:00.96 . Memory (MB): peak = 2678.613 ; gain = 31.039 ; free physical = 7348 ; free virtual = 10419

Phase 4.2 Post Placement Cleanup
Phase 4.2 Post Placement Cleanup | Checksum: 2b2e9cc6b

Time (s): cpu = 00:00:04 ; elapsed = 00:00:00.98 . Memory (MB): peak = 2678.613 ; gain = 31.039 ; free physical = 7348 ; free virtual = 10419

Phase 4.3 Placer Reporting

Phase 4.3.1 Print Estimated Congestion
INFO: [Place 30-612] Post-Placement Estimated Congestion 
 ____________________________________________________
|           | Global Congestion | Short Congestion  |
| Direction | Region Size       | Region Size       |
|___________|___________________|___________________|
|      North|                1x1|                1x1|
|___________|___________________|___________________|
|      South|                1x1|                1x1|
|___________|___________________|___________________|
|       East|                1x1|                1x1|
|___________|___________________|___________________|
|       West|                1x1|                1x1|
|___________|___________________|___________________|

Phase 4.3.1 Print Estimated Congestion | Checksum: 2b2e9cc6b

Time (s): cpu = 00:00:04 ; elapsed = 00:00:00.98 . Memory (MB): peak = 2678.613 ; gain = 31.039 ; free physical = 7348 ; free virtual = 10419
Phase 4.3 Placer Reporting | Checksum: 2b2e9cc6b

Time (s): cpu = 00:00:04 ; elapsed = 00:00:00.98 . Memory (MB): peak = 2678.613 ; gain = 31.039 ; free physical = 7348 ; free virtual = 10419

Phase 4.4 Final Placement Cleanup
Netlist sorting complete. Time (s): cpu = 00:00:00 ; elapsed = 00:00:00 . Memory (MB): peak = 2678.613 ; gain = 0.000 ; free physical = 7348 ; free virtual = 10419

Time (s): cpu = 00:00:04 ; elapsed = 00:00:00.98 . Memory (MB): peak = 2678.613 ; gain = 31.039 ; free physical = 7348 ; free virtual = 10419
Phase 4 Post Placement Optimization and Clean-Up | Checksum: 2b2e9cc6b

Time (s): cpu = 00:00:04 ; elapsed = 00:00:00.98 . Memory (MB): peak = 2678.613 ; gain = 31.039 ; free physical = 7348 ; free virtual = 10419
Ending Placer Task | Checksum: 1e3db8a03

Time (s): cpu = 00:00:04 ; elapsed = 00:00:00.98 . Memory (MB): peak = 2678.613 ; gain = 31.039 ; free physical = 7348 ; free virtual = 10419
44 Infos, 1 Warnings, 0 Critical Warnings and 0 Errors encountered.
place_design completed successfully
INFO: [Vivado 12-24838] Running report commands "report_control_sets, report_io, report_utilization" in parallel.
Running report generation with 3 threads.
INFO: [Vivado 12-24828] Executing command : report_control_sets -verbose -file ALU_control_sets_placed.rpt
report_control_sets: Time (s): cpu = 00:00:00.07 ; elapsed = 00:00:00.12 . Memory (MB): peak = 2678.613 ; gain = 0.000 ; free physical = 7347 ; free virtual = 10418
INFO: [Vivado 12-24828] Executing command : report_utilization -file ALU_utilization_placed.rpt -pb ALU_utilization_placed.pb
INFO: [Vivado 12-24828] Executing command : report_io -file ALU_io_placed.rpt
report_io: Time (s): cpu = 00:00:00.14 ; elapsed = 00:00:00.21 . Memory (MB): peak = 2678.613 ; gain = 0.000 ; free physical = 7349 ; free virtual = 10420
Write ShapeDB Complete: Time (s): cpu = 00:00:00.01 ; elapsed = 00:00:00.02 . Memory (MB): peak = 2678.613 ; gain = 0.000 ; free physical = 7350 ; free virtual = 10421
Wrote PlaceDB: Time (s): cpu = 00:00:00.09 ; elapsed = 00:00:00.06 . Memory (MB): peak = 2678.613 ; gain = 0.000 ; free physical = 7346 ; free virtual = 10418
Wrote PulsedLatchDB: Time (s): cpu = 00:00:00 ; elapsed = 00:00:00 . Memory (MB): peak = 2678.613 ; gain = 0.000 ; free physical = 7346 ; free virtual = 10418
Writing XDEF routing.
Writing XDEF routing logical nets.
Writing XDEF routing special nets.
Wrote RouteStorage: Time (s): cpu = 00:00:00.08 ; elapsed = 00:00:00.09 . Memory (MB): peak = 2678.613 ; gain = 0.000 ; free physical = 7346 ; free virtual = 10418
Wrote Netlist Cache: Time (s): cpu = 00:00:00 ; elapsed = 00:00:00 . Memory (MB): peak = 2678.613 ; gain = 0.000 ; free physical = 7346 ; free virtual = 10418
Wrote Device Cache: Time (s): cpu = 00:00:00.01 ; elapsed = 00:00:00 . Memory (MB): peak = 2678.613 ; gain = 0.000 ; free physical = 7346 ; free virtual = 10418
Write Physdb Complete: Time (s): cpu = 00:00:00.19 ; elapsed = 00:00:00.36 . Memory (MB): peak = 2678.613 ; gain = 0.000 ; free physical = 7346 ; free virtual = 10418
INFO: [Common 17-1381] The checkpoint '/home/mougnibas/Bureau/4IR/S2/projet-systeme-info/VHDL/projet-systeme-info/projet-systeme-info.runs/impl_1/ALU_placed.dcp' has been generated.
Command: phys_opt_design
Attempting to get a license for feature 'Implementation' and/or device 'xc7a35t'
INFO: [Common 17-349] Got license for feature 'Implementation' and/or device 'xc7a35t'

Starting Initial Update Timing Task

Time (s): cpu = 00:00:00.01 ; elapsed = 00:00:00.02 . Memory (MB): peak = 2678.613 ; gain = 0.000 ; free physical = 7295 ; free virtual = 10367
INFO: [Vivado_Tcl 4-235] No timing constraint found. The netlist was not modified.
INFO: [Common 17-83] Releasing license: Implementation
52 Infos, 1 Warnings, 0 Critical Warnings and 0 Errors encountered.
phys_opt_design completed successfully
Write ShapeDB Complete: Time (s): cpu = 00:00:00 ; elapsed = 00:00:00.01 . Memory (MB): peak = 2678.613 ; gain = 0.000 ; free physical = 7279 ; free virtual = 10351
Wrote PlaceDB: Time (s): cpu = 00:00:00.05 ; elapsed = 00:00:00.03 . Memory (MB): peak = 2678.613 ; gain = 0.000 ; free physical = 7278 ; free virtual = 10350
Wrote PulsedLatchDB: Time (s): cpu = 00:00:00 ; elapsed = 00:00:00 . Memory (MB): peak = 2678.613 ; gain = 0.000 ; free physical = 7276 ; free virtual = 10348
Writing XDEF routing.
Writing XDEF routing logical nets.
Writing XDEF routing special nets.
Wrote RouteStorage: Time (s): cpu = 00:00:00.02 ; elapsed = 00:00:00.03 . Memory (MB): peak = 2678.613 ; gain = 0.000 ; free physical = 7276 ; free virtual = 10348
Wrote Netlist Cache: Time (s): cpu = 00:00:00.01 ; elapsed = 00:00:00 . Memory (MB): peak = 2678.613 ; gain = 0.000 ; free physical = 7276 ; free virtual = 10348
Wrote Device Cache: Time (s): cpu = 00:00:00.01 ; elapsed = 00:00:00.01 . Memory (MB): peak = 2678.613 ; gain = 0.000 ; free physical = 7276 ; free virtual = 10348
Write Physdb Complete: Time (s): cpu = 00:00:00.09 ; elapsed = 00:00:00.25 . Memory (MB): peak = 2678.613 ; gain = 0.000 ; free physical = 7276 ; free virtual = 10348
INFO: [Common 17-1381] The checkpoint '/home/mougnibas/Bureau/4IR/S2/projet-systeme-info/VHDL/projet-systeme-info/projet-systeme-info.runs/impl_1/ALU_physopt.dcp' has been generated.
Command: route_design
Attempting to get a license for feature 'Implementation' and/or device 'xc7a35t'
INFO: [Common 17-349] Got license for feature 'Implementation' and/or device 'xc7a35t'


Starting Routing Task
INFO: [Route 35-254] Multithreading enabled for route_design using a maximum of 8 CPUs

Phase 1 Build RT Design
Checksum: PlaceDB: e9290a35 ConstDB: 0 ShapeSum: 5a312377 RouteDB: a0815c57
Post Restoration Checksum: NetGraph: 1558b9a9 | NumContArr: a7930323 | Constraints: c2a8fa9d | Timing: c2a8fa9d
Phase 1 Build RT Design | Checksum: 2423db206

Time (s): cpu = 00:00:14 ; elapsed = 00:00:13 . Memory (MB): peak = 2733.547 ; gain = 54.934 ; free physical = 7294 ; free virtual = 10366

Phase 2 Router Initialization
INFO: [Route 35-64] No timing constraints were detected. The router will operate in resource-optimization mode.

Phase 2.1 Fix Topology Constraints
Phase 2.1 Fix Topology Constraints | Checksum: 2423db206

Time (s): cpu = 00:00:14 ; elapsed = 00:00:13 . Memory (MB): peak = 2764.547 ; gain = 85.934 ; free physical = 7271 ; free virtual = 10343

Phase 2.2 Pre Route Cleanup
Phase 2.2 Pre Route Cleanup | Checksum: 2423db206

Time (s): cpu = 00:00:14 ; elapsed = 00:00:13 . Memory (MB): peak = 2764.547 ; gain = 85.934 ; free physical = 7271 ; free virtual = 10343
 Number of Nodes with overlaps = 0

Router Utilization Summary
  Global Vertical Routing Utilization    = 0 %
  Global Horizontal Routing Utilization  = 0 %
  Routable Net Status*
  *Does not include unroutable nets such as driverless and loadless.
  Run report_route_status for detailed report.
  Number of Failed Nets               = 494
    (Failed Nets is the sum of unrouted and partially routed nets)
  Number of Unrouted Nets             = 494
  Number of Partially Routed Nets     = 0
  Number of Node Overlaps             = 0

Phase 2 Router Initialization | Checksum: 207b82d6d

Time (s): cpu = 00:00:15 ; elapsed = 00:00:13 . Memory (MB): peak = 2782.547 ; gain = 103.934 ; free physical = 7264 ; free virtual = 10336

Phase 3 Global Routing
Phase 3 Global Routing | Checksum: 207b82d6d

Time (s): cpu = 00:00:15 ; elapsed = 00:00:13 . Memory (MB): peak = 2782.547 ; gain = 103.934 ; free physical = 7264 ; free virtual = 10336

Phase 4 Initial Routing

Phase 4.1 Initial Net Routing Pass
Phase 4.1 Initial Net Routing Pass | Checksum: 2b1132eec

Time (s): cpu = 00:00:15 ; elapsed = 00:00:13 . Memory (MB): peak = 2782.547 ; gain = 103.934 ; free physical = 7264 ; free virtual = 10336
Phase 4 Initial Routing | Checksum: 2b1132eec

Time (s): cpu = 00:00:15 ; elapsed = 00:00:13 . Memory (MB): peak = 2782.547 ; gain = 103.934 ; free physical = 7264 ; free virtual = 10336

Phase 5 Rip-up And Reroute

Phase 5.1 Global Iteration 0
 Number of Nodes with overlaps = 23
 Number of Nodes with overlaps = 0
Phase 5.1 Global Iteration 0 | Checksum: 246923fbd

Time (s): cpu = 00:00:15 ; elapsed = 00:00:13 . Memory (MB): peak = 2782.547 ; gain = 103.934 ; free physical = 7264 ; free virtual = 10336
Phase 5 Rip-up And Reroute | Checksum: 246923fbd

Time (s): cpu = 00:00:15 ; elapsed = 00:00:13 . Memory (MB): peak = 2782.547 ; gain = 103.934 ; free physical = 7264 ; free virtual = 10336

Phase 6 Delay and Skew Optimization
Phase 6 Delay and Skew Optimization | Checksum: 246923fbd

Time (s): cpu = 00:00:15 ; elapsed = 00:00:13 . Memory (MB): peak = 2782.547 ; gain = 103.934 ; free physical = 7264 ; free virtual = 10336

Phase 7 Post Hold Fix

Phase 7.1 Hold Fix Iter
Phase 7.1 Hold Fix Iter | Checksum: 246923fbd

Time (s): cpu = 00:00:15 ; elapsed = 00:00:13 . Memory (MB): peak = 2782.547 ; gain = 103.934 ; free physical = 7264 ; free virtual = 10336
Phase 7 Post Hold Fix | Checksum: 246923fbd

Time (s): cpu = 00:00:15 ; elapsed = 00:00:13 . Memory (MB): peak = 2782.547 ; gain = 103.934 ; free physical = 7264 ; free virtual = 10336

Phase 8 Route finalize

Router Utilization Summary
  Global Vertical Routing Utilization    = 0.112094 %
  Global Horizontal Routing Utilization  = 0.134956 %
  Routable Net Status*
  *Does not include unroutable nets such as driverless and loadless.
  Run report_route_status for detailed report.
  Number of Failed Nets               = 0
    (Failed Nets is the sum of unrouted and partially routed nets)
  Number of Unrouted Nets             = 0
  Number of Partially Routed Nets     = 0
  Number of Node Overlaps             = 0


--GLOBAL Congestion:
Utilization threshold used for congestion level computation: 0.85
Congestion Report
North Dir 1x1 Area, Max Cong = 14.4144%, No Congested Regions.
South Dir 1x1 Area, Max Cong = 25.2252%, No Congested Regions.
East Dir 1x1 Area, Max Cong = 19.1176%, No Congested Regions.
West Dir 1x1 Area, Max Cong = 32.3529%, No Congested Regions.

------------------------------
Reporting congestion hotspots
------------------------------
Direction: North
----------------
Congested clusters found at Level 0
Effective congestion level: 0 Aspect Ratio: 1 Sparse Ratio: 0
Direction: South
----------------
Congested clusters found at Level 0
Effective congestion level: 0 Aspect Ratio: 1 Sparse Ratio: 0
Direction: East
----------------
Congested clusters found at Level 0
Effective congestion level: 0 Aspect Ratio: 1 Sparse Ratio: 0
Direction: West
----------------
Congested clusters found at Level 0
Effective congestion level: 0 Aspect Ratio: 1 Sparse Ratio: 0

Phase 8 Route finalize | Checksum: 246923fbd

Time (s): cpu = 00:00:15 ; elapsed = 00:00:13 . Memory (MB): peak = 2782.547 ; gain = 103.934 ; free physical = 7264 ; free virtual = 10336

Phase 9 Verifying routed nets

 Verification completed successfully
Phase 9 Verifying routed nets | Checksum: 246923fbd

Time (s): cpu = 00:00:15 ; elapsed = 00:00:13 . Memory (MB): peak = 2782.547 ; gain = 103.934 ; free physical = 7264 ; free virtual = 10336

Phase 10 Depositing Routes
Phase 10 Depositing Routes | Checksum: 218be94de

Time (s): cpu = 00:00:15 ; elapsed = 00:00:13 . Memory (MB): peak = 2782.547 ; gain = 103.934 ; free physical = 7264 ; free virtual = 10336

Phase 11 Post Process Routing
Phase 11 Post Process Routing | Checksum: 218be94de

Time (s): cpu = 00:00:15 ; elapsed = 00:00:13 . Memory (MB): peak = 2782.547 ; gain = 103.934 ; free physical = 7264 ; free virtual = 10336
Total Elapsed time in route_design: 13.12 secs

Phase 12 Post-Route Event Processing
Phase 12 Post-Route Event Processing | Checksum: 142238efd

Time (s): cpu = 00:00:15 ; elapsed = 00:00:13 . Memory (MB): peak = 2782.547 ; gain = 103.934 ; free physical = 7264 ; free virtual = 10336
INFO: [Route 35-16] Router Completed Successfully
Ending Routing Task | Checksum: 142238efd

Time (s): cpu = 00:00:15 ; elapsed = 00:00:13 . Memory (MB): peak = 2782.547 ; gain = 103.934 ; free physical = 7264 ; free virtual = 10336

Routing Is Done.
INFO: [Common 17-83] Releasing license: Implementation
58 Infos, 1 Warnings, 0 Critical Warnings and 0 Errors encountered.
route_design completed successfully
route_design: Time (s): cpu = 00:00:15 ; elapsed = 00:00:13 . Memory (MB): peak = 2782.547 ; gain = 103.934 ; free physical = 7264 ; free virtual = 10336
INFO: [Vivado 12-24828] Executing command : report_drc -file ALU_drc_routed.rpt -pb ALU_drc_routed.pb -rpx ALU_drc_routed.rpx
Command: report_drc -file ALU_drc_routed.rpt -pb ALU_drc_routed.pb -rpx ALU_drc_routed.rpx
INFO: [IP_Flow 19-1839] IP Catalog is up to date.
INFO: [DRC 23-27] Running DRC with 8 threads
INFO: [Vivado_Tcl 2-168] The results of DRC are in file /home/mougnibas/Bureau/4IR/S2/projet-systeme-info/VHDL/projet-systeme-info/projet-systeme-info.runs/impl_1/ALU_drc_routed.rpt.
report_drc completed successfully
INFO: [Vivado 12-24828] Executing command : report_methodology -file ALU_methodology_drc_routed.rpt -pb ALU_methodology_drc_routed.pb -rpx ALU_methodology_drc_routed.rpx
Command: report_methodology -file ALU_methodology_drc_routed.rpt -pb ALU_methodology_drc_routed.pb -rpx ALU_methodology_drc_routed.rpx
INFO: [Timing 38-35] Done setting XDC timing constraints.
INFO: [DRC 23-133] Running Methodology with 8 threads
INFO: [Vivado_Tcl 2-1520] The results of Report Methodology are in file /home/mougnibas/Bureau/4IR/S2/projet-systeme-info/VHDL/projet-systeme-info/projet-systeme-info.runs/impl_1/ALU_methodology_drc_routed.rpt.
report_methodology completed successfully
INFO: [Vivado 12-24828] Executing command : report_timing_summary -max_paths 10 -report_unconstrained -file ALU_timing_summary_routed.rpt -pb ALU_timing_summary_routed.pb -rpx ALU_timing_summary_routed.rpx -warn_on_violation 
INFO: [Timing 38-35] Done setting XDC timing constraints.
INFO: [Timing 38-91] UpdateTimingParams: Speed grade: -1, Delay Type: min_max.
INFO: [Timing 38-191] Multithreading enabled for timing update using a maximum of 8 CPUs
WARNING: [Timing 38-313] There are no user specified timing constraints. Timing constraints are needed for proper timing analysis.
INFO: [Vivado 12-24838] Running report commands "report_bus_skew, report_incremental_reuse, report_route_status" in parallel.
Running report generation with 3 threads.
INFO: [Vivado 12-24828] Executing command : report_incremental_reuse -file ALU_incremental_reuse_routed.rpt
INFO: [Vivado_Tcl 4-1062] Incremental flow is disabled. No incremental reuse Info to report.
INFO: [Vivado 12-24828] Executing command : report_route_status -file ALU_route_status.rpt -pb ALU_route_status.pb
INFO: [Vivado 12-24828] Executing command : report_bus_skew -warn_on_violation -file ALU_bus_skew_routed.rpt -pb ALU_bus_skew_routed.pb -rpx ALU_bus_skew_routed.rpx
INFO: [Timing 38-91] UpdateTimingParams: Speed grade: -1, Delay Type: min_max.
INFO: [Timing 38-191] Multithreading enabled for timing update using a maximum of 8 CPUs
INFO: [Vivado 12-24828] Executing command : report_power -file ALU_power_routed.rpt -pb ALU_power_summary_routed.pb -rpx ALU_power_routed.rpx
Command: report_power -file ALU_power_routed.rpt -pb ALU_power_summary_routed.pb -rpx ALU_power_routed.rpx
WARNING: [Power 33-232] No user defined clocks were found in the design! Power estimation will be inaccurate until this is corrected.
Resolution: Please specify clocks using create_clock/create_generated_clock for sequential elements. For pure combinatorial circuits, please specify a virtual clock, otherwise the vectorless estimation might be inaccurate
Running Vector-less Activity Propagation...

Finished Running Vector-less Activity Propagation
78 Infos, 3 Warnings, 0 Critical Warnings and 0 Errors encountered.
report_power completed successfully
INFO: [Vivado 12-24828] Executing command : report_clock_utilization -file ALU_clock_utilization_routed.rpt
Write ShapeDB Complete: Time (s): cpu = 00:00:00 ; elapsed = 00:00:00.01 . Memory (MB): peak = 2971.945 ; gain = 0.000 ; free physical = 7106 ; free virtual = 10180
Wrote PlaceDB: Time (s): cpu = 00:00:00.03 ; elapsed = 00:00:00.02 . Memory (MB): peak = 2971.945 ; gain = 0.000 ; free physical = 7106 ; free virtual = 10180
Wrote PulsedLatchDB: Time (s): cpu = 00:00:00 ; elapsed = 00:00:00 . Memory (MB): peak = 2971.945 ; gain = 0.000 ; free physical = 7102 ; free virtual = 10176
Writing XDEF routing.
Writing XDEF routing logical nets.
Writing XDEF routing special nets.
Wrote RouteStorage: Time (s): cpu = 00:00:00.02 ; elapsed = 00:00:00.02 . Memory (MB): peak = 2971.945 ; gain = 0.000 ; free physical = 7102 ; free virtual = 10176
Wrote Netlist Cache: Time (s): cpu = 00:00:00 ; elapsed = 00:00:00 . Memory (MB): peak = 2971.945 ; gain = 0.000 ; free physical = 7102 ; free virtual = 10176
Wrote Device Cache: Time (s): cpu = 00:00:00 ; elapsed = 00:00:00 . Memory (MB): peak = 2971.945 ; gain = 0.000 ; free physical = 7102 ; free virtual = 10176
Write Physdb Complete: Time (s): cpu = 00:00:00.08 ; elapsed = 00:00:00.21 . Memory (MB): peak = 2971.945 ; gain = 0.000 ; free physical = 7102 ; free virtual = 10176
INFO: [Common 17-1381] The checkpoint '/home/mougnibas/Bureau/4IR/S2/projet-systeme-info/VHDL/projet-systeme-info/projet-systeme-info.runs/impl_1/ALU_routed.dcp' has been generated.
INFO: [Common 17-206] Exiting Vivado at Fri Apr 17 14:16:41 2026...
